Base path: /home/paul/Unity-2018.3.0f2/Editor/Data
Cmd: initializeCompiler
Cmd: compileComputeKernel
  api=15 insize=2059 outsize=4045 ok=1
Cmd: compileComputeKernel
  api=18 insize=1176 outsize=3069 ok=1
Cmd: compileComputeKernel
  api=15 insize=2780 outsize=83401 ok=1
Cmd: compileComputeKernel
  api=15 insize=10881 outsize=21869 ok=1
Cmd: compileComputeKernel
  api=15 insize=4845 outsize=8201 ok=1
Cmd: compileComputeKernel
  api=18 insize=3396 outsize=12005 ok=1
Cmd: compileComputeKernel
  api=15 insize=18299 outsize=16521 ok=1
Cmd: compileComputeKernel
  api=18 insize=18299 outsize=33289 ok=1
Cmd: compileComputeKernel
  api=18 insize=18299 outsize=32873 ok=1
Cmd: compileComputeKernel
  api=18 insize=2867 outsize=1237 ok=1
Cmd: compileComputeKernel
  api=18 insize=1806 outsize=2481 ok=1
Cmd: initializeCompiler
Cmd: initializeCompiler
Cmd: initializeCompiler

Quitting shader compiler process
