Base path: D:/DOSSIER/APPLI/2018.4.30f1/Editor/Data
Cmd: initializeCompiler
Cmd: compileComputeKernel
  api=4 insize=1326 outsize=677 ok=1
Cmd: compileComputeKernel
  error: 1 plat 15 at Sort.compute(218): use of potentially uninitialized variable (GetKeyWithCheck)
  api=15 insize=9814 outsize=8737 ok=1
Cmd: compileComputeKernel
  api=4 insize=9814 outsize=4065 ok=1
Cmd: compileComputeKernel
  api=18 insize=9814 outsize=13481 ok=1
Cmd: compileComputeKernel
  api=18 insize=4750 outsize=7765 ok=1
Cmd: compileComputeKernel
  api=15 insize=3537 outsize=4017 ok=1
Cmd: compileComputeKernel
  api=18 insize=2891 outsize=369 ok=1
Cmd: compileComputeKernel
  api=18 insize=1491 outsize=3609 ok=1
Cmd: initializeCompiler
Cmd: initializeCompiler
Cmd: initializeCompiler
Cmd: initializeCompiler
Cmd: initializeCompiler
Cmd: initializeCompiler
Cmd: initializeCompiler
Cmd: initializeCompiler
Cmd: initializeCompiler
Cmd: initializeCompiler
Cmd: initializeCompiler
Cmd: initializeCompiler
Cmd: initializeCompiler
Cmd: initializeCompiler
Cmd: initializeCompiler
Cmd: initializeCompiler
Cmd: initializeCompiler
Cmd: initializeCompiler
Cmd: initializeCompiler
Cmd: initializeCompiler
Cmd: initializeCompiler
Cmd: initializeCompiler
Cmd: initializeCompiler
Cmd: initializeCompiler
Cmd: initializeCompiler
