Base path: /home/paul/Unity-2018.3.0f2/Editor/Data
Cmd: initializeCompiler
Cmd: compileComputeKernel
  api=15 insize=1176 outsize=1885 ok=1
Cmd: compileComputeKernel
  api=18 insize=10881 outsize=40753 ok=1
Cmd: compileComputeKernel
  api=18 insize=4845 outsize=17217 ok=1
Cmd: compileComputeKernel
  api=15 insize=18299 outsize=16841 ok=1
Cmd: compileComputeKernel
  api=15 insize=18299 outsize=24705 ok=1
Cmd: compileComputeKernel
  api=15 insize=1806 outsize=1925 ok=1
Cmd: compileComputeKernel
  api=18 insize=1454 outsize=2329 ok=1
Cmd: compileComputeKernel
  api=18 insize=2044 outsize=4097 ok=1
Cmd: initializeCompiler
Cmd: initializeCompiler
Cmd: initializeCompiler

Quitting shader compiler process
