Base path: /home/paul/Unity-2018.3.0f2/Editor/Data
Cmd: initializeCompiler
Cmd: compileComputeKernel
  api=15 insize=10881 outsize=21589 ok=1
Cmd: compileComputeKernel
  api=15 insize=4845 outsize=18445 ok=1
Cmd: compileComputeKernel
  api=15 insize=18299 outsize=16041 ok=1
Cmd: compileComputeKernel
  api=15 insize=18299 outsize=25153 ok=1
Cmd: compileComputeKernel
  api=15 insize=5435 outsize=13257 ok=1
Cmd: compileComputeKernel
  api=15 insize=2867 outsize=3313 ok=1
Cmd: compileComputeKernel
  api=15 insize=1454 outsize=3597 ok=1
Cmd: initializeCompiler
Cmd: initializeCompiler
Cmd: initializeCompiler

Quitting shader compiler process
