Base path: /home/paul/Unity-2018.3.0f2/Editor/Data
Cmd: initializeCompiler
Cmd: compileComputeKernel
  api=18 insize=2059 outsize=1233 ok=1
Cmd: compileComputeKernel
  api=15 insize=1176 outsize=1801 ok=1
Cmd: compileComputeKernel
  api=15 insize=10881 outsize=17885 ok=1
Cmd: compileComputeKernel
  api=15 insize=4845 outsize=7449 ok=1
Cmd: compileComputeKernel
  api=15 insize=18299 outsize=16033 ok=1
Cmd: compileComputeKernel
  api=18 insize=18299 outsize=33305 ok=1
Cmd: compileComputeKernel
  api=18 insize=18299 outsize=56093 ok=1
Cmd: compileComputeKernel
  api=18 insize=2867 outsize=5665 ok=1
Cmd: initializeCompiler
Cmd: initializeCompiler
Cmd: initializeCompiler

Quitting shader compiler process
