Base path: D:/DOSSIER/APPLI/2018.4.30f1/Editor/Data
Cmd: initializeCompiler
Cmd: compileComputeKernel
  api=18 insize=1326 outsize=2481 ok=1
Cmd: compileComputeKernel
  error: 1 plat 15 at Sort.compute(218): use of potentially uninitialized variable (GetKeyWithCheck)
  api=15 insize=9814 outsize=8413 ok=1
Cmd: compileComputeKernel
  api=4 insize=9814 outsize=3601 ok=1
Cmd: compileComputeKernel
  api=4 insize=3537 outsize=1541 ok=1
Cmd: compileComputeKernel
  api=15 insize=2891 outsize=313 ok=1
Cmd: compileComputeKernel
  api=15 insize=1544 outsize=1481 ok=1
Cmd: compileComputeKernel
  api=4 insize=4907 outsize=1777 ok=1
Cmd: initializeCompiler
Cmd: initializeCompiler
Cmd: initializeCompiler
Cmd: initializeCompiler
Cmd: initializeCompiler
Cmd: initializeCompiler
Cmd: initializeCompiler
Cmd: initializeCompiler
Cmd: initializeCompiler
Cmd: initializeCompiler
Cmd: initializeCompiler
Cmd: initializeCompiler
Cmd: initializeCompiler
Cmd: initializeCompiler
Cmd: initializeCompiler
Cmd: initializeCompiler
Cmd: initializeCompiler
Cmd: initializeCompiler
Cmd: initializeCompiler
Cmd: initializeCompiler
Cmd: initializeCompiler
Cmd: initializeCompiler
Cmd: initializeCompiler
Cmd: initializeCompiler
Cmd: initializeCompiler
